<?xml version="1.0" encoding="UTF-8"?>
<testng-results ignored="0" total="1" passed="1" failed="0" skipped="0">
  <reporter-output>
    <line>
      <![CDATA[nareshit]]>
    </line>
    <line>
      <![CDATA[nareshit]]>
    </line>
    <line>
      <![CDATA[Application opened]]>
    </line>
    <line>
      <![CDATA[Login completed]]>
    </line>
    <line>
      <![CDATA[Logout completed]]>
    </line>
  </reporter-output>
  <suite started-at="2024-01-25T14:55:00 IST" name="Default suite" finished-at="2024-01-25T14:55:28 IST" duration-ms="27353">
    <groups>
    </groups>
    <test started-at="2024-01-25T14:55:00 IST" name="Default test" finished-at="2024-01-25T14:55:28 IST" duration-ms="27353">
      <class name="testNG_exp.Web_Testng_Excel">
        <test-method is-config="true" signature="startUp()[pri:0, instance:testNG_exp.Web_Testng_Excel@6d4e5011]" started-at="2024-01-25T14:55:00 IST" name="startUp" finished-at="2024-01-25T14:55:11 IST" duration-ms="10745" status="PASS">
          <reporter-output>
          </reporter-output>
        </test-method> <!-- startUp -->
        <test-method signature="tc001()[pri:0, instance:testNG_exp.Web_Testng_Excel@6d4e5011]" started-at="2024-01-25T14:55:11 IST" name="tc001" finished-at="2024-01-25T14:55:25 IST" duration-ms="13719" status="PASS">
          <reporter-output>
            <line>
              <![CDATA[nareshit]]>
            </line>
            <line>
              <![CDATA[nareshit]]>
            </line>
            <line>
              <![CDATA[Application opened]]>
            </line>
            <line>
              <![CDATA[Login completed]]>
            </line>
            <line>
              <![CDATA[Logout completed]]>
            </line>
          </reporter-output>
        </test-method> <!-- tc001 -->
        <test-method is-config="true" signature="tearDown()[pri:0, instance:testNG_exp.Web_Testng_Excel@6d4e5011]" started-at="2024-01-25T14:55:25 IST" name="tearDown" finished-at="2024-01-25T14:55:28 IST" duration-ms="2763" status="PASS">
          <reporter-output>
          </reporter-output>
        </test-method> <!-- tearDown -->
      </class> <!-- testNG_exp.Web_Testng_Excel -->
    </test> <!-- Default test -->
  </suite> <!-- Default suite -->
</testng-results>
